-------------------------------------------------------------------------------
Test set: de.simpleprojectmanager.aSimpleprojectmanager.SimpleprojectmanagerApplicationTests
-------------------------------------------------------------------------------
Tests run: 1, Failures: 0, Errors: 1, Skipped: 0, Time elapsed: 0.387 s <<< FAILURE! - in de.simpleprojectmanager.aSimpleprojectmanager.SimpleprojectmanagerApplicationTests
de.simpleprojectmanager.aSimpleprojectmanager.SimpleprojectmanagerApplicationTests  Time elapsed: 0.387 s  <<< ERROR!
java.lang.IllegalStateException: Unable to find a @SpringBootConfiguration, you need to use @ContextConfiguration or @SpringBootTest(classes=...) with your test

