<?xml version="1.0" encoding="UTF-8"?>
<testsuite xmlns:xsi="http://www.w3.org/2001/XMLSchema-instance" xsi:noNamespaceSchemaLocation="https://maven.apache.org/surefire/maven-surefire-plugin/xsd/surefire-test-report.xsd" name="de.simpleprojectmanager.aSimpleprojectmanager.SimpleprojectmanagerApplicationTests" time="0.387" tests="1" errors="1" skipped="0" failures="0">
  <properties>
[...]
</properties>
  <testcase name="de.simpleprojectmanager.aSimpleprojectmanager.SimpleprojectmanagerApplicationTests" classname="de.simpleprojectmanager.aSimpleprojectmanager.SimpleprojectmanagerApplicationTests" time="0.387">
    <error message="Unable to find a @SpringBootConfiguration, you need to use @ContextConfiguration or @SpringBootTest(classes=...) with your test" type="java.lang.IllegalStateException">java.lang.IllegalStateException: Unable to find a @SpringBootConfiguration, you need to use @ContextConfiguration or @SpringBootTest(classes=...) with your test
</error>
    <system-out><![CDATA[09:31:29.196 [main] DEBUG org.springframework.test.context.BootstrapUtils - Instantiating CacheAwareContextLoaderDelegate from class [org.springframework.test.context.cache.DefaultCacheAwareContextLoaderDelegate]
09:31:29.206 [main] DEBUG org.springframework.test.context.BootstrapUtils - Instantiating BootstrapContext using constructor [public org.springframework.test.context.support.DefaultBootstrapContext(java.lang.Class,org.springframework.test.context.CacheAwareContextLoaderDelegate)]
09:31:29.237 [main] DEBUG org.springframework.test.context.BootstrapUtils - Instantiating TestContextBootstrapper for test class [de.simpleprojectmanager.aSimpleprojectmanager.SimpleprojectmanagerApplicationTests] from class [org.springframework.boot.test.context.SpringBootTestContextBootstrapper]
09:31:29.246 [main] INFO org.springframework.boot.test.context.SpringBootTestContextBootstrapper - Neither @ContextConfiguration nor @ContextHierarchy found for test class [de.simpleprojectmanager.aSimpleprojectmanager.SimpleprojectmanagerApplicationTests], using SpringBootContextLoader
09:31:29.256 [main] DEBUG org.springframework.test.context.support.AbstractContextLoader - Did not detect default resource location for test class [de.simpleprojectmanager.aSimpleprojectmanager.SimpleprojectmanagerApplicationTests]: class path resource [de/simpleprojectmanager/aSimpleprojectmanager/SimpleprojectmanagerApplicationTests-context.xml] does not exist
09:31:29.256 [main] DEBUG org.springframework.test.context.support.AbstractContextLoader - Did not detect default resource location for test class [de.simpleprojectmanager.aSimpleprojectmanager.SimpleprojectmanagerApplicationTests]: class path resource [de/simpleprojectmanager/aSimpleprojectmanager/SimpleprojectmanagerApplicationTestsContext.groovy] does not exist
09:31:29.256 [main] INFO org.springframework.test.context.support.AbstractContextLoader - Could not detect default resource locations for test class [de.simpleprojectmanager.aSimpleprojectmanager.SimpleprojectmanagerApplicationTests]: no resource found for suffixes {-context.xml, Context.groovy}.
09:31:29.256 [main] INFO org.springframework.test.context.support.AnnotationConfigContextLoaderUtils - Could not detect default configuration classes for test class [de.simpleprojectmanager.aSimpleprojectmanager.SimpleprojectmanagerApplicationTests]: SimpleprojectmanagerApplicationTests does not declare any static, non-private, non-final, nested classes annotated with @Configuration.
09:31:29.296 [main] DEBUG org.springframework.test.context.support.ActiveProfilesUtils - Could not find an 'annotation declaring class' for annotation type [org.springframework.test.context.ActiveProfiles] and class [de.simpleprojectmanager.aSimpleprojectmanager.SimpleprojectmanagerApplicationTests]
09:31:29.336 [main] DEBUG org.springframework.test.context.BootstrapUtils - Instantiating CacheAwareContextLoaderDelegate from class [org.springframework.test.context.cache.DefaultCacheAwareContextLoaderDelegate]
09:31:29.336 [main] DEBUG org.springframework.test.context.BootstrapUtils - Instantiating BootstrapContext using constructor [public org.springframework.test.context.support.DefaultBootstrapContext(java.lang.Class,org.springframework.test.context.CacheAwareContextLoaderDelegate)]
09:31:29.336 [main] DEBUG org.springframework.test.context.BootstrapUtils - Instantiating TestContextBootstrapper for test class [de.simpleprojectmanager.aSimpleprojectmanager.SimpleprojectmanagerApplicationTests] from class [org.springframework.boot.test.context.SpringBootTestContextBootstrapper]
09:31:29.336 [main] INFO org.springframework.boot.test.context.SpringBootTestContextBootstrapper - Neither @ContextConfiguration nor @ContextHierarchy found for test class [de.simpleprojectmanager.aSimpleprojectmanager.SimpleprojectmanagerApplicationTests], using SpringBootContextLoader
09:31:29.336 [main] DEBUG org.springframework.test.context.support.AbstractContextLoader - Did not detect default resource location for test class [de.simpleprojectmanager.aSimpleprojectmanager.SimpleprojectmanagerApplicationTests]: class path resource [de/simpleprojectmanager/aSimpleprojectmanager/SimpleprojectmanagerApplicationTests-context.xml] does not exist
09:31:29.336 [main] DEBUG org.springframework.test.context.support.AbstractContextLoader - Did not detect default resource location for test class [de.simpleprojectmanager.aSimpleprojectmanager.SimpleprojectmanagerApplicationTests]: class path resource [de/simpleprojectmanager/aSimpleprojectmanager/SimpleprojectmanagerApplicationTestsContext.groovy] does not exist
09:31:29.336 [main] INFO org.springframework.test.context.support.AbstractContextLoader - Could not detect default resource locations for test class [de.simpleprojectmanager.aSimpleprojectmanager.SimpleprojectmanagerApplicationTests]: no resource found for suffixes {-context.xml, Context.groovy}.
09:31:29.336 [main] INFO org.springframework.test.context.support.AnnotationConfigContextLoaderUtils - Could not detect default configuration classes for test class [de.simpleprojectmanager.aSimpleprojectmanager.SimpleprojectmanagerApplicationTests]: SimpleprojectmanagerApplicationTests does not declare any static, non-private, non-final, nested classes annotated with @Configuration.
09:31:29.336 [main] DEBUG org.springframework.test.context.support.ActiveProfilesUtils - Could not find an 'annotation declaring class' for annotation type [org.springframework.test.context.ActiveProfiles] and class [de.simpleprojectmanager.aSimpleprojectmanager.SimpleprojectmanagerApplicationTests]
09:31:29.346 [main] DEBUG org.springframework.test.context.BootstrapUtils - Instantiating CacheAwareContextLoaderDelegate from class [org.springframework.test.context.cache.DefaultCacheAwareContextLoaderDelegate]
09:31:29.346 [main] DEBUG org.springframework.test.context.BootstrapUtils - Instantiating BootstrapContext using constructor [public org.springframework.test.context.support.DefaultBootstrapContext(java.lang.Class,org.springframework.test.context.CacheAwareContextLoaderDelegate)]
09:31:29.346 [main] DEBUG org.springframework.test.context.BootstrapUtils - Instantiating TestContextBootstrapper for test class [de.simpleprojectmanager.aSimpleprojectmanager.SimpleprojectmanagerApplicationTests] from class [org.springframework.boot.test.context.SpringBootTestContextBootstrapper]
09:31:29.346 [main] INFO org.springframework.boot.test.context.SpringBootTestContextBootstrapper - Neither @ContextConfiguration nor @ContextHierarchy found for test class [de.simpleprojectmanager.aSimpleprojectmanager.SimpleprojectmanagerApplicationTests], using SpringBootContextLoader
09:31:29.346 [main] DEBUG org.springframework.test.context.support.AbstractContextLoader - Did not detect default resource location for test class [de.simpleprojectmanager.aSimpleprojectmanager.SimpleprojectmanagerApplicationTests]: class path resource [de/simpleprojectmanager/aSimpleprojectmanager/SimpleprojectmanagerApplicationTests-context.xml] does not exist
09:31:29.346 [main] DEBUG org.springframework.test.context.support.AbstractContextLoader - Did not detect default resource location for test class [de.simpleprojectmanager.aSimpleprojectmanager.SimpleprojectmanagerApplicationTests]: class path resource [de/simpleprojectmanager/aSimpleprojectmanager/SimpleprojectmanagerApplicationTestsContext.groovy] does not exist
09:31:29.346 [main] INFO org.springframework.test.context.support.AbstractContextLoader - Could not detect default resource locations for test class [de.simpleprojectmanager.aSimpleprojectmanager.SimpleprojectmanagerApplicationTests]: no resource found for suffixes {-context.xml, Context.groovy}.
09:31:29.346 [main] INFO org.springframework.test.context.support.AnnotationConfigContextLoaderUtils - Could not detect default configuration classes for test class [de.simpleprojectmanager.aSimpleprojectmanager.SimpleprojectmanagerApplicationTests]: SimpleprojectmanagerApplicationTests does not declare any static, non-private, non-final, nested classes annotated with @Configuration.
09:31:29.346 [main] DEBUG org.springframework.test.context.support.ActiveProfilesUtils - Could not find an 'annotation declaring class' for annotation type [org.springframework.test.context.ActiveProfiles] and class [de.simpleprojectmanager.aSimpleprojectmanager.SimpleprojectmanagerApplicationTests]
]]></system-out>
  </testcase>
</testsuite>